mode: set
github.com/MediaMath/go-t1/pools.go:28.13,30.27 1 1
github.com/MediaMath/go-t1/pools.go:34.2,35.27 1 1
github.com/MediaMath/go-t1/pools.go:30.27,32.4 1 1
github.com/MediaMath/go-t1/pools.go:35.27,37.4 1 1
github.com/MediaMath/go-t1/pools.go:41.43,44.2 2 1
github.com/MediaMath/go-t1/pools.go:46.40,47.21 1 1
github.com/MediaMath/go-t1/pools.go:50.2,50.19 1 1
github.com/MediaMath/go-t1/pools.go:47.21,49.3 1 1
github.com/MediaMath/go-t1/errors.go:25.40,29.2 1 0
github.com/MediaMath/go-t1/errors.go:39.41,43.2 1 0
github.com/MediaMath/go-t1/errors.go:56.32,59.2 1 0
github.com/MediaMath/go-t1/errors.go:68.44,69.45 1 1
github.com/MediaMath/go-t1/errors.go:73.2,73.43 1 1
github.com/MediaMath/go-t1/errors.go:69.45,71.3 1 1
github.com/MediaMath/go-t1/errors.go:74.2,75.30 1 1
github.com/MediaMath/go-t1/errors.go:76.2,77.28 1 1
github.com/MediaMath/go-t1/errors.go:78.2,79.55 1 1
github.com/MediaMath/go-t1/errors.go:83.48,85.59 2 1
github.com/MediaMath/go-t1/errors.go:88.2,88.107 1 1
github.com/MediaMath/go-t1/errors.go:95.2,98.3 1 0
github.com/MediaMath/go-t1/errors.go:85.59,87.3 1 0
github.com/MediaMath/go-t1/errors.go:88.107,94.3 1 1
github.com/MediaMath/go-t1/errors.go:101.46,103.60 2 1
github.com/MediaMath/go-t1/errors.go:106.2,107.22 2 1
github.com/MediaMath/go-t1/errors.go:111.2,111.25 1 1
github.com/MediaMath/go-t1/errors.go:117.2,117.12 1 1
github.com/MediaMath/go-t1/errors.go:103.60,105.3 1 0
github.com/MediaMath/go-t1/errors.go:107.22,109.3 1 0
github.com/MediaMath/go-t1/errors.go:111.25,113.3 1 1
github.com/MediaMath/go-t1/errors.go:113.3,113.33 1 0
github.com/MediaMath/go-t1/errors.go:113.33,115.3 1 0
github.com/MediaMath/go-t1/errors.go:120.46,122.2 1 1
github.com/MediaMath/go-t1/struct_to_map.go:10.66,13.38 3 1
github.com/MediaMath/go-t1/struct_to_map.go:13.38,15.16 2 1
github.com/MediaMath/go-t1/struct_to_map.go:18.3,22.97 4 1
github.com/MediaMath/go-t1/struct_to_map.go:26.3,26.31 1 1
github.com/MediaMath/go-t1/struct_to_map.go:15.16,16.12 1 1
github.com/MediaMath/go-t1/struct_to_map.go:22.97,23.12 1 1
github.com/MediaMath/go-t1/struct_to_map.go:27.3,28.51 1 1
github.com/MediaMath/go-t1/struct_to_map.go:29.3,30.53 1 1
github.com/MediaMath/go-t1/struct_to_map.go:31.3,32.63 1 1
github.com/MediaMath/go-t1/struct_to_map.go:33.3,34.63 1 1
github.com/MediaMath/go-t1/struct_to_map.go:35.3,36.38 1 1
github.com/MediaMath/go-t1/struct_to_map.go:37.3,38.31 1 1
github.com/MediaMath/go-t1/struct_to_map.go:39.3,40.33 1 1
github.com/MediaMath/go-t1/struct_to_map.go:40.33,42.5 1 1
github.com/MediaMath/go-t1/struct_to_map.go:47.47,51.2 3 1
github.com/MediaMath/go-t1/struct_to_map.go:59.48,60.47 1 1
github.com/MediaMath/go-t1/struct_to_map.go:63.2,63.28 1 1
github.com/MediaMath/go-t1/struct_to_map.go:60.47,62.3 1 1
github.com/MediaMath/go-t1/struct_to_map.go:69.54,70.17 1 1
github.com/MediaMath/go-t1/struct_to_map.go:73.2,74.14 2 1
github.com/MediaMath/go-t1/struct_to_map.go:85.2,85.14 1 1
github.com/MediaMath/go-t1/struct_to_map.go:70.17,72.3 1 1
github.com/MediaMath/go-t1/struct_to_map.go:74.14,77.13 3 1
github.com/MediaMath/go-t1/struct_to_map.go:80.3,80.22 1 1
github.com/MediaMath/go-t1/struct_to_map.go:83.3,83.11 1 1
github.com/MediaMath/go-t1/struct_to_map.go:77.13,79.4 1 1
github.com/MediaMath/go-t1/struct_to_map.go:80.22,82.4 1 1
github.com/MediaMath/go-t1/struct_to_map.go:88.41,89.18 1 1
github.com/MediaMath/go-t1/struct_to_map.go:103.2,103.14 1 0
github.com/MediaMath/go-t1/struct_to_map.go:90.2,91.22 1 1
github.com/MediaMath/go-t1/struct_to_map.go:92.2,93.19 1 0
github.com/MediaMath/go-t1/struct_to_map.go:94.2,95.22 1 1
github.com/MediaMath/go-t1/struct_to_map.go:96.2,97.23 1 0
github.com/MediaMath/go-t1/struct_to_map.go:98.2,99.24 1 0
github.com/MediaMath/go-t1/struct_to_map.go:100.2,101.19 1 0
github.com/MediaMath/go-t1/client.go:100.82,101.23 1 1
github.com/MediaMath/go-t1/client.go:104.2,104.20 1 1
github.com/MediaMath/go-t1/client.go:108.2,143.10 28 1
github.com/MediaMath/go-t1/client.go:101.23,103.3 1 1
github.com/MediaMath/go-t1/client.go:104.20,106.3 1 1
github.com/MediaMath/go-t1/client.go:151.89,153.16 2 1
github.com/MediaMath/go-t1/client.go:157.2,160.17 3 1
github.com/MediaMath/go-t1/client.go:168.2,168.16 1 1
github.com/MediaMath/go-t1/client.go:172.2,174.17 3 1
github.com/MediaMath/go-t1/client.go:153.16,155.3 1 1
github.com/MediaMath/go-t1/client.go:160.17,164.3 3 1
github.com/MediaMath/go-t1/client.go:164.3,166.3 1 1
github.com/MediaMath/go-t1/client.go:168.16,170.3 1 1
github.com/MediaMath/go-t1/client.go:179.53,182.34 2 1
github.com/MediaMath/go-t1/client.go:186.2,187.16 2 1
github.com/MediaMath/go-t1/client.go:191.2,192.16 2 1
github.com/MediaMath/go-t1/client.go:195.2,196.8 2 1
github.com/MediaMath/go-t1/client.go:182.34,184.3 1 1
github.com/MediaMath/go-t1/client.go:187.16,189.3 1 1
github.com/MediaMath/go-t1/client.go:192.16,194.3 1 1
github.com/MediaMath/go-t1/client.go:205.79,207.54 1 1
github.com/MediaMath/go-t1/client.go:211.2,212.16 2 1
github.com/MediaMath/go-t1/client.go:216.2,217.16 2 1
github.com/MediaMath/go-t1/client.go:228.2,228.14 1 1
github.com/MediaMath/go-t1/client.go:245.2,245.18 1 1
github.com/MediaMath/go-t1/client.go:207.54,209.3 1 1
github.com/MediaMath/go-t1/client.go:212.16,214.3 1 1
github.com/MediaMath/go-t1/client.go:217.16,218.41 1 1
github.com/MediaMath/go-t1/client.go:225.3,225.19 1 1
github.com/MediaMath/go-t1/client.go:218.41,222.4 3 1
github.com/MediaMath/go-t1/client.go:228.14,229.16 1 1
github.com/MediaMath/go-t1/client.go:235.3,235.33 1 1
github.com/MediaMath/go-t1/client.go:229.16,234.4 2 1
github.com/MediaMath/go-t1/client.go:235.33,237.4 1 0
github.com/MediaMath/go-t1/client.go:237.4,239.21 2 1
github.com/MediaMath/go-t1/client.go:239.21,241.5 1 1
github.com/MediaMath/go-t1/client.go:252.66,256.47 4 1
github.com/MediaMath/go-t1/client.go:276.2,276.12 1 1
github.com/MediaMath/go-t1/client.go:256.47,270.3 2 1
github.com/MediaMath/go-t1/client.go:270.3,270.27 1 1
github.com/MediaMath/go-t1/client.go:270.27,274.3 3 1
github.com/MediaMath/go-t1/client.go:282.39,286.2 2 1
github.com/MediaMath/go-t1/client.go:289.45,293.16 4 1
github.com/MediaMath/go-t1/client.go:297.2,299.16 3 1
github.com/MediaMath/go-t1/client.go:303.2,303.22 1 1
github.com/MediaMath/go-t1/client.go:307.2,308.33 2 1
github.com/MediaMath/go-t1/client.go:312.2,312.15 1 1
github.com/MediaMath/go-t1/client.go:293.16,295.3 1 0
github.com/MediaMath/go-t1/client.go:299.16,301.3 1 0
github.com/MediaMath/go-t1/client.go:303.22,305.3 1 1
github.com/MediaMath/go-t1/client.go:308.33,310.3 1 0
github.com/MediaMath/go-t1/entity.go:50.69,52.15 2 1
github.com/MediaMath/go-t1/entity.go:57.2,76.16 9 1
github.com/MediaMath/go-t1/entity.go:80.2,80.37 1 1
github.com/MediaMath/go-t1/entity.go:52.15,55.3 2 1
github.com/MediaMath/go-t1/entity.go:76.16,78.3 1 0
github.com/MediaMath/go-t1/entity.go:83.76,85.16 2 1
github.com/MediaMath/go-t1/entity.go:88.2,88.15 1 1
github.com/MediaMath/go-t1/entity.go:95.2,97.16 3 1
github.com/MediaMath/go-t1/entity.go:101.2,102.33 2 1
github.com/MediaMath/go-t1/entity.go:106.2,106.23 1 1
github.com/MediaMath/go-t1/entity.go:85.16,87.3 1 1
github.com/MediaMath/go-t1/entity.go:88.15,93.3 2 1
github.com/MediaMath/go-t1/entity.go:97.16,99.3 1 0
github.com/MediaMath/go-t1/entity.go:102.33,104.3 1 0
github.com/MediaMath/go-t1/entity.go:112.82,114.15 2 1
github.com/MediaMath/go-t1/entity.go:119.2,121.19 3 1
github.com/MediaMath/go-t1/entity.go:125.2,129.16 5 1
github.com/MediaMath/go-t1/entity.go:133.2,133.37 1 1
github.com/MediaMath/go-t1/entity.go:114.15,117.3 2 1
github.com/MediaMath/go-t1/entity.go:121.19,123.3 1 0
github.com/MediaMath/go-t1/entity.go:129.16,131.3 1 0
github.com/MediaMath/go-t1/entity.go:138.62,139.17 1 0
github.com/MediaMath/go-t1/entity.go:143.2,144.15 2 0
github.com/MediaMath/go-t1/entity.go:149.2,151.43 3 0
github.com/MediaMath/go-t1/entity.go:155.2,161.16 5 0
github.com/MediaMath/go-t1/entity.go:165.2,165.37 1 0
github.com/MediaMath/go-t1/entity.go:139.17,141.3 1 0
github.com/MediaMath/go-t1/entity.go:144.15,147.3 2 0
github.com/MediaMath/go-t1/entity.go:151.43,154.3 2 0
github.com/MediaMath/go-t1/entity.go:161.16,163.3 1 0
github.com/MediaMath/go-t1/entity.go:168.50,171.18 3 1
github.com/MediaMath/go-t1/entity.go:174.2,174.27 1 1
github.com/MediaMath/go-t1/entity.go:171.18,173.3 1 1
